15:11:25.239 leos [main] [] INFO  o.s.web.context.ContextLoader - Root WebApplicationContext: initialization started
15:11:29.434 leos [main] [] INFO  o.s.s.core.SpringSecurityCoreVersion - You are running with Spring Security Core 4.2.20.RELEASE
15:11:29.459 leos [main] [] INFO  o.s.s.c.SecurityNamespaceHandler - Spring Security 'config' module version is 4.2.20.RELEASE
15:11:29.761 leos [main] [] INFO  o.s.s.c.h.HttpSecurityBeanDefinitionParser - Checking sorted filter chain: [Root bean: class [org.springframework.security.web.context.SecurityContextPersistenceFilter]; scope=; abstract=false; lazyInit=null; autowireMode=0; dependencyCheck=0; autowireCandidate=true; primary=false; factoryBeanName=null; factoryMethodName=null; initMethodName=null; destroyMethodName=null, order = 200, Root bean: class [org.springframework.security.web.context.request.async.WebAsyncManagerIntegrationFilter]; scope=; abstract=false; lazyInit=null; autowireMode=0; dependencyCheck=0; autowireCandidate=true; primary=false; factoryBeanName=null; factoryMethodName=null; initMethodName=null; destroyMethodName=null, order = 400, Root bean: class [org.springframework.security.web.header.HeaderWriterFilter]; scope=; abstract=false; lazyInit=null; autowireMode=0; dependencyCheck=0; autowireCandidate=true; primary=false; factoryBeanName=null; factoryMethodName=null; initMethodName=null; destroyMethodName=null, order = 500, Root bean: class [org.springframework.web.filter.CorsFilter]; scope=; abstract=false; lazyInit=null; autowireMode=0; dependencyCheck=0; autowireCandidate=true; primary=false; factoryBeanName=null; factoryMethodName=null; initMethodName=null; destroyMethodName=null, order = 600, <leosApiAuthenticationFilter>, order = 1001, Root bean: class [null]; scope=; abstract=false; lazyInit=null; autowireMode=0; dependencyCheck=0; autowireCandidate=true; primary=false; factoryBeanName=org.springframework.security.config.http.HttpConfigurationBuilder$SecurityContextHolderAwareRequestFilterBeanFactory#0; factoryMethodName=getBean; initMethodName=null; destroyMethodName=null, order = 1800, Root bean: class [org.springframework.security.web.authentication.AnonymousAuthenticationFilter]; scope=; abstract=false; lazyInit=null; autowireMode=0; dependencyCheck=0; autowireCandidate=true; primary=false; factoryBeanName=null; factoryMethodName=null; initMethodName=null; destroyMethodName=null, order = 2100, Root bean: class [org.springframework.security.web.access.ExceptionTranslationFilter]; scope=; abstract=false; lazyInit=null; autowireMode=0; dependencyCheck=0; autowireCandidate=true; primary=false; factoryBeanName=null; factoryMethodName=null; initMethodName=null; destroyMethodName=null, order = 2300, <org.springframework.security.web.access.intercept.FilterSecurityInterceptor#0>, order = 2400]
15:11:29.837 leos [main] [] INFO  o.s.s.c.m.GlobalMethodSecurityBeanDefinitionParser - Using bean 'expressionHandler' as method ExpressionHandler implementation
15:11:29.905 leos [main] [] INFO  o.s.s.c.h.HttpSecurityBeanDefinitionParser - Checking sorted filter chain: [Root bean: class [org.springframework.security.web.context.SecurityContextPersistenceFilter]; scope=; abstract=false; lazyInit=null; autowireMode=0; dependencyCheck=0; autowireCandidate=true; primary=false; factoryBeanName=null; factoryMethodName=null; initMethodName=null; destroyMethodName=null, order = 200, Root bean: class [org.springframework.security.web.context.request.async.WebAsyncManagerIntegrationFilter]; scope=; abstract=false; lazyInit=null; autowireMode=0; dependencyCheck=0; autowireCandidate=true; primary=false; factoryBeanName=null; factoryMethodName=null; initMethodName=null; destroyMethodName=null, order = 400, Root bean: class [org.springframework.security.web.header.HeaderWriterFilter]; scope=; abstract=false; lazyInit=null; autowireMode=0; dependencyCheck=0; autowireCandidate=true; primary=false; factoryBeanName=null; factoryMethodName=null; initMethodName=null; destroyMethodName=null, order = 500, <jeePreAuthenticatedFilter>, order = 1001, Root bean: class [org.springframework.security.web.savedrequest.RequestCacheAwareFilter]; scope=; abstract=false; lazyInit=null; autowireMode=0; dependencyCheck=0; autowireCandidate=true; primary=false; factoryBeanName=null; factoryMethodName=null; initMethodName=null; destroyMethodName=null, order = 1700, Root bean: class [null]; scope=; abstract=false; lazyInit=null; autowireMode=0; dependencyCheck=0; autowireCandidate=true; primary=false; factoryBeanName=org.springframework.security.config.http.HttpConfigurationBuilder$SecurityContextHolderAwareRequestFilterBeanFactory#1; factoryMethodName=getBean; initMethodName=null; destroyMethodName=null, order = 1800, Root bean: class [org.springframework.security.web.authentication.AnonymousAuthenticationFilter]; scope=; abstract=false; lazyInit=null; autowireMode=0; dependencyCheck=0; autowireCandidate=true; primary=false; factoryBeanName=null; factoryMethodName=null; initMethodName=null; destroyMethodName=null, order = 2100, Root bean: class [org.springframework.security.web.access.ExceptionTranslationFilter]; scope=; abstract=false; lazyInit=null; autowireMode=0; dependencyCheck=0; autowireCandidate=true; primary=false; factoryBeanName=null; factoryMethodName=null; initMethodName=null; destroyMethodName=null, order = 2300, <org.springframework.security.web.access.intercept.FilterSecurityInterceptor#1>, order = 2400]
15:11:33.564 leos [main] [] INFO  o.s.c.a.ConfigurationClassPostProcessor - Cannot enhance @Configuration bean definition 'com.vaadin.spring.VaadinConfiguration#0' since its singleton instance has been created too early. The typical cause is a non-static @Bean method with a BeanDefinitionRegistryPostProcessor return type: Consider declaring such methods as 'static'.
15:11:34.673 leos [main] [] INFO  o.s.c.s.PostProcessorRegistrationDelegate$BeanPostProcessorChecker - Bean 'defaultSimpleAsyncTaskExecutor' of type [org.springframework.scheduling.config.TaskExecutorFactoryBean] is not eligible for getting processed by all BeanPostProcessors (for example: not eligible for auto-proxying)
15:11:34.675 leos [main] [] INFO  o.s.c.s.PostProcessorRegistrationDelegate$BeanPostProcessorChecker - Bean 'defaultSimpleAsyncTaskExecutor' of type [org.springframework.scheduling.concurrent.ThreadPoolTaskExecutor] is not eligible for getting processed by all BeanPostProcessors (for example: not eligible for auto-proxying)
15:11:34.687 leos [main] [] INFO  o.s.c.s.PostProcessorRegistrationDelegate$BeanPostProcessorChecker - Bean 'delegatingSecurityContextAsyncTaskExecutor' of type [org.springframework.security.task.DelegatingSecurityContextAsyncTaskExecutor] is not eligible for getting processed by all BeanPostProcessors (for example: not eligible for auto-proxying)
15:11:34.960 leos [main] [] INFO  o.s.c.s.PostProcessorRegistrationDelegate$BeanPostProcessorChecker - Bean 'taskScheduler' of type [org.springframework.scheduling.concurrent.ThreadPoolTaskScheduler] is not eligible for getting processed by all BeanPostProcessors (for example: not eligible for auto-proxying)
15:11:35.130 leos [main] [] INFO  o.s.c.s.PostProcessorRegistrationDelegate$BeanPostProcessorChecker - Bean 'org.springframework.aop.framework.ProxyFactoryBean#0' of type [com.sun.proxy.$Proxy56] is not eligible for getting processed by all BeanPostProcessors (for example: not eligible for auto-proxying)
15:11:35.134 leos [main] [] INFO  o.s.c.s.PostProcessorRegistrationDelegate$BeanPostProcessorChecker - Bean '(inner bean)#4b50ebea' of type [org.springframework.security.access.expression.method.ExpressionBasedAnnotationAttributeFactory] is not eligible for getting processed by all BeanPostProcessors (for example: not eligible for auto-proxying)
15:11:35.140 leos [main] [] INFO  o.s.c.s.PostProcessorRegistrationDelegate$BeanPostProcessorChecker - Bean '(inner bean)#5d3b0f8a' of type [org.springframework.security.access.prepost.PrePostAnnotationSecurityMetadataSource] is not eligible for getting processed by all BeanPostProcessors (for example: not eligible for auto-proxying)
15:11:35.145 leos [main] [] INFO  o.s.c.s.PostProcessorRegistrationDelegate$BeanPostProcessorChecker - Bean 'org.springframework.security.access.method.DelegatingMethodSecurityMetadataSource#0' of type [org.springframework.security.access.method.DelegatingMethodSecurityMetadataSource] is not eligible for getting processed by all BeanPostProcessors (for example: not eligible for auto-proxying)
15:11:49.106 leos [main] [] INFO  o.s.s.web.DefaultSecurityFilterChain - Creating filter chain: Ant [pattern='/api/secured/**'], [org.springframework.security.web.context.SecurityContextPersistenceFilter@9a168bc, org.springframework.security.web.context.request.async.WebAsyncManagerIntegrationFilter@8be5379, org.springframework.security.web.header.HeaderWriterFilter@7e3f4f0, org.springframework.web.filter.CorsFilter@54d66499, eu.europa.ec.leos.api.auth.LeosApiAuthenticationFilter@4bc76331, org.springframework.security.web.servletapi.SecurityContextHolderAwareRequestFilter@13cdee45, org.springframework.security.web.authentication.AnonymousAuthenticationFilter@15bb3db9, org.springframework.security.web.access.ExceptionTranslationFilter@6bddd4ce, org.springframework.security.web.access.intercept.FilterSecurityInterceptor@125ce4b7]
15:11:49.432 leos [main] [] INFO  o.s.s.web.DefaultSecurityFilterChain - Creating filter chain: org.springframework.security.web.util.matcher.AnyRequestMatcher@1, [org.springframework.security.web.context.SecurityContextPersistenceFilter@21041ffb, org.springframework.security.web.context.request.async.WebAsyncManagerIntegrationFilter@32b64a6d, org.springframework.security.web.header.HeaderWriterFilter@74b57299, org.springframework.security.web.authentication.preauth.j2ee.J2eePreAuthenticatedProcessingFilter@1e366736, org.springframework.security.web.savedrequest.RequestCacheAwareFilter@74cad6d, org.springframework.security.web.servletapi.SecurityContextHolderAwareRequestFilter@2fa1f38b, org.springframework.security.web.authentication.AnonymousAuthenticationFilter@473711df, org.springframework.security.web.access.ExceptionTranslationFilter@2defc6c1, org.springframework.security.web.access.intercept.FilterSecurityInterceptor@ed8a7ab]
15:11:50.283 leos [main] [] WARN  o.a.activemq.artemis.core.server - AMQ222018: AIO was not located on this platform, it will fall back to using pure Java NIO. If your platform is Linux, install LibAIO to enable the AIO journal
15:11:50.297 leos [main] [] WARN  o.a.activemq.artemis.core.server - AMQ222269: Please use a fixed value for "journal-pool-files". Default changed per https://issues.apache.org/jira/browse/ARTEMIS-1628
15:11:57.065 leos [main] [] INFO  o.s.web.context.ContextLoader - Root WebApplicationContext initialized in 31808 ms
15:11:58.012 leos [main] [] INFO  o.s.web.servlet.DispatcherServlet - Initializing Servlet 'dispatcher'
15:12:01.350 leos [main] [] INFO  o.s.web.servlet.DispatcherServlet - Completed initialization in 3336 ms
15:12:26.043 leos [qtp149388379-24] [] WARN  c.v.s.DefaultDeploymentConfiguration - 
=================================================================
Vaadin is running in DEBUG MODE.
Add productionMode=true to web.xml to disable debug features.
To show debug window, add ?debug to your application URL.
=================================================================
15:12:26.454 leos [qtp149388379-24] [] INFO  e.e.e.l.w.s.v.LeosSpringVaadinServlet - LEOS servlet is initialized!
15:12:30.438 leos [qtp149388379-24] [] INFO  e.e.e.l.w.s.LeosSessionListener - Creating http session
15:12:30.913 leos [qtp149388379-24] [] INFO  c.v.spring.server.SpringUIProvider - Unable to create the directory [null] for caching of themes compiled on the fly
15:12:33.023 leos [qtp149388379-22] [] WARN  com.vaadin.spring.internal.BeanStore - Storing non-serializable bean [EventBus{default}] with name [eventBus] in [UIBeanStore[id=6106666b, name=UI:0]]
15:12:34.080 leos [qtp149388379-22] [] WARN  com.vaadin.spring.internal.BeanStore - Storing non-serializable bean [eu.europa.ec.leos.web.support.vaadin.NotificationManager@36015bd9] with name [notificationManager] in [UIBeanStore[id=6106666b, name=UI:0]]
15:12:34.169 leos [qtp149388379-22] [] WARN  com.vaadin.spring.internal.BeanStore - Storing non-serializable bean [eu.europa.ec.leos.web.support.vaadin.DeadEventHandler@1486c88f] with name [deadEventHandler] in [UIBeanStore[id=6106666b, name=UI:0]]
15:13:38.426 leos [qtp149388379-25] [] INFO  e.e.e.l.s.d.ProposalServiceImpl - Created Proposal ref main-clea1isvz0001f440sut68iqd-en in path /leos/workspaces/package_clea1irm90000f4402a9xi24a
15:13:46.001 leos [qtp149388379-25] [] INFO  e.e.e.l.s.d.MemorandumServiceImpl - Created Memorandum ref EXPL_MEMORANDUM-clea1iz7g0002f440pqc8fzbk-en in path /leos/workspaces/package_clea1irm90000f4402a9xi24a
15:13:46.057 leos [qtp149388379-25] [] WARN  e.e.e.l.s.p.n.XmlNodeProcessorImpl - Configuration not found for:docLanguageCover, ignoring and continuing
15:13:46.060 leos [qtp149388379-25] [] WARN  e.e.e.l.s.p.n.XmlNodeProcessorImpl - Configuration not found for:docTypeCover, ignoring and continuing
15:13:46.162 leos [qtp149388379-25] [] WARN  e.e.e.l.s.p.n.XmlNodeProcessorImpl - Configuration not found for:docPurposeCover, ignoring and continuing
15:13:46.320 leos [qtp149388379-25] [] WARN  e.e.e.l.s.p.n.XmlNodeProcessorImpl - Configuration not found for:docStageCover, ignoring and continuing
15:13:50.581 leos [qtp149388379-25] [] INFO  e.e.e.l.s.document.BillServiceImpl - Created Bill with ref 'DIR-clea1j2s90003f44042c0hlpe-en' in path /leos/workspaces/package_clea1irm90000f4402a9xi24a
15:13:50.652 leos [qtp149388379-25] [] WARN  e.e.e.l.s.p.n.XmlNodeProcessorImpl - Configuration not found for:docLanguageCover, ignoring and continuing
15:13:50.697 leos [qtp149388379-25] [] WARN  e.e.e.l.s.p.n.XmlNodeProcessorImpl - Configuration not found for:docTypeCover, ignoring and continuing
15:13:50.869 leos [qtp149388379-25] [] WARN  e.e.e.l.s.p.n.XmlNodeProcessorImpl - Configuration not found for:docPurposeCover, ignoring and continuing
15:13:50.991 leos [qtp149388379-25] [] WARN  e.e.e.l.s.p.n.XmlNodeProcessorImpl - Configuration not found for:docStageCover, ignoring and continuing
15:13:55.391 leos [qtp149388379-25] [] INFO  e.e.e.l.u.v.w.WorkspacePresenter - New document of type PROPOSAL created in 20029 milliseconds (20 sec)
15:14:13.933 leos [qtp149388379-99] [] WARN  com.vaadin.spring.internal.BeanStore - Storing non-serializable bean [eu.europa.ec.leos.ui.component.versions.VersionComparatorProposal@1064477a] with name [versionComparatorProposal] in [ViewBeanStore[id=7266a3eb, name=null:document]]
15:14:21.107 leos [qtp149388379-99] [] INFO  e.e.e.l.s.document.BillServiceImpl - getTableOfContent in 1875 milliseconds (1 sec)
15:14:22.833 leos [qtp149388379-99] [] WARN  e.e.e.l.w.s.e.DeadEventLogSubscriber - Dead event: eu.europa.ec.leos.ui.event.toc.TocResizedEvent@6d596d44
15:18:32.342 leos [qtp149388379-20] [] WARN  e.e.e.l.w.s.e.DeadEventLogSubscriber - Dead event: eu.europa.ec.leos.ui.event.toc.TocResizedEvent@2064f812
15:18:41.559 leos [qtp149388379-102] [] WARN  e.e.e.l.w.s.e.DeadEventLogSubscriber - Dead event: eu.europa.ec.leos.ui.event.toc.TocResizedEvent@563489ea
15:18:42.671 leos [qtp149388379-102] [] WARN  e.e.e.l.w.s.e.DeadEventLogSubscriber - Dead event: eu.europa.ec.leos.ui.event.toc.TocResizedEvent@60c0b749
15:30:55.815 leos [qtp149388379-101] [] WARN  e.e.e.l.w.s.e.DeadEventLogSubscriber - Dead event: eu.europa.ec.leos.ui.event.toc.TocResizedEvent@44b3260f
15:31:18.730 leos [qtp149388379-23] [] INFO  e.e.e.l.s.d.ProposalServiceImpl - Created Proposal ref main-clea25jg70005f440w5y072eb-en in path /leos/workspaces/package_clea25j2c0004f4407tb8larg
15:31:24.718 leos [qtp149388379-23] [] INFO  e.e.e.l.s.d.MemorandumServiceImpl - Created Memorandum ref EXPL_MEMORANDUM-clea25o4d0006f440lb3i9gab-en in path /leos/workspaces/package_clea25j2c0004f4407tb8larg
15:31:24.754 leos [qtp149388379-23] [] WARN  e.e.e.l.s.p.n.XmlNodeProcessorImpl - Configuration not found for:docLanguageCover, ignoring and continuing
15:31:24.755 leos [qtp149388379-23] [] WARN  e.e.e.l.s.p.n.XmlNodeProcessorImpl - Configuration not found for:docTypeCover, ignoring and continuing
15:31:25.107 leos [qtp149388379-23] [] WARN  e.e.e.l.s.p.n.XmlNodeProcessorImpl - Configuration not found for:docPurposeCover, ignoring and continuing
15:31:25.142 leos [qtp149388379-23] [] WARN  e.e.e.l.s.p.n.XmlNodeProcessorImpl - Configuration not found for:docStageCover, ignoring and continuing
15:31:28.440 leos [qtp149388379-23] [] INFO  e.e.e.l.s.document.BillServiceImpl - Created Bill with ref 'DEC-clea25r710007f440upvcop97-en' in path /leos/workspaces/package_clea25j2c0004f4407tb8larg
15:31:28.468 leos [qtp149388379-23] [] WARN  e.e.e.l.s.p.n.XmlNodeProcessorImpl - Configuration not found for:docLanguageCover, ignoring and continuing
15:31:28.475 leos [qtp149388379-23] [] WARN  e.e.e.l.s.p.n.XmlNodeProcessorImpl - Configuration not found for:docTypeCover, ignoring and continuing
15:31:28.510 leos [qtp149388379-23] [] WARN  e.e.e.l.s.p.n.XmlNodeProcessorImpl - Configuration not found for:docPurposeCover, ignoring and continuing
15:31:28.531 leos [qtp149388379-23] [] WARN  e.e.e.l.s.p.n.XmlNodeProcessorImpl - Configuration not found for:docStageCover, ignoring and continuing
15:31:31.603 leos [qtp149388379-23] [] INFO  e.e.e.l.u.v.w.WorkspacePresenter - New document of type PROPOSAL created in 18332 milliseconds (18 sec)
15:32:12.472 leos [qtp149388379-101] [] WARN  com.vaadin.spring.internal.BeanStore - Storing non-serializable bean [eu.europa.ec.leos.ui.component.versions.VersionComparatorProposal@2430a5c] with name [versionComparatorProposal] in [ViewBeanStore[id=2625ac69, name=null:memorandum]]
15:32:16.841 leos [qtp149388379-101] [] WARN  e.e.e.l.w.s.e.DeadEventLogSubscriber - Dead event: eu.europa.ec.leos.ui.event.toc.TocResizedEvent@6b4b5ecf
15:32:16.843 leos [qtp149388379-101] [] WARN  e.e.e.l.w.s.e.DeadEventLogSubscriber - Dead event: eu.europa.ec.leos.ui.event.toc.TocResizedEvent@25ceb8d2
15:32:26.318 leos [qtp149388379-24] [] WARN  e.e.e.l.w.s.e.DeadEventLogSubscriber - Dead event: eu.europa.ec.leos.ui.event.toc.InlineTocCloseRequestEvent@2aea2b7e
